Determining if the pthread_create exist failed with the following output:
Change Dir: /bustub/build/CMakeFiles/CMakeTmp

Run Build Command:"/usr/bin/make" "cmTC_5598b/fast"
/usr/bin/make -f CMakeFiles/cmTC_5598b.dir/build.make CMakeFiles/cmTC_5598b.dir/build
make[1]: Entering directory '/bustub/build/CMakeFiles/CMakeTmp'
Building C object CMakeFiles/cmTC_5598b.dir/CheckSymbolExists.c.o
/usr/bin/cc    -o CMakeFiles/cmTC_5598b.dir/CheckSymbolExists.c.o   -c /bustub/build/CMakeFiles/CMakeTmp/CheckSymbolExists.c
Linking C executable cmTC_5598b
/usr/bin/cmake -E cmake_link_script CMakeFiles/cmTC_5598b.dir/link.txt --verbose=1
/usr/bin/cc      CMakeFiles/cmTC_5598b.dir/CheckSymbolExists.c.o  -o cmTC_5598b 
CMakeFiles/cmTC_5598b.dir/CheckSymbolExists.c.o: In function `main':
CheckSymbolExists.c:(.text+0x1b): undefined reference to `pthread_create'
collect2: error: ld returned 1 exit status
CMakeFiles/cmTC_5598b.dir/build.make:97: recipe for target 'cmTC_5598b' failed
make[1]: *** [cmTC_5598b] Error 1
make[1]: Leaving directory '/bustub/build/CMakeFiles/CMakeTmp'
Makefile:126: recipe for target 'cmTC_5598b/fast' failed
make: *** [cmTC_5598b/fast] Error 2

File /bustub/build/CMakeFiles/CMakeTmp/CheckSymbolExists.c:
/* */
#include <pthread.h>

int main(int argc, char** argv)
{
  (void)argv;
#ifndef pthread_create
  return ((int*)(&pthread_create))[argc];
#else
  (void)argc;
  return 0;
#endif
}

Determining if the function pthread_create exists in the pthreads failed with the following output:
Change Dir: /bustub/build/CMakeFiles/CMakeTmp

Run Build Command:"/usr/bin/make" "cmTC_96dc8/fast"
/usr/bin/make -f CMakeFiles/cmTC_96dc8.dir/build.make CMakeFiles/cmTC_96dc8.dir/build
make[1]: Entering directory '/bustub/build/CMakeFiles/CMakeTmp'
Building C object CMakeFiles/cmTC_96dc8.dir/CheckFunctionExists.c.o
/usr/bin/cc   -DCHECK_FUNCTION_EXISTS=pthread_create   -o CMakeFiles/cmTC_96dc8.dir/CheckFunctionExists.c.o   -c /usr/share/cmake-3.10/Modules/CheckFunctionExists.c
Linking C executable cmTC_96dc8
/usr/bin/cmake -E cmake_link_script CMakeFiles/cmTC_96dc8.dir/link.txt --verbose=1
/usr/bin/cc  -DCHECK_FUNCTION_EXISTS=pthread_create    CMakeFiles/cmTC_96dc8.dir/CheckFunctionExists.c.o  -o cmTC_96dc8 -lpthreads 
/usr/bin/ld: cannot find -lpthreads
collect2: error: ld returned 1 exit status
CMakeFiles/cmTC_96dc8.dir/build.make:97: recipe for target 'cmTC_96dc8' failed
make[1]: *** [cmTC_96dc8] Error 1
make[1]: Leaving directory '/bustub/build/CMakeFiles/CMakeTmp'
Makefile:126: recipe for target 'cmTC_96dc8/fast' failed
make: *** [cmTC_96dc8/fast] Error 2


